This is pdfTeX, Version 3.14159265-2.6-1.40.20 (TeX Live 2019/Debian) (preloaded format=pdflatex 2021.1.23)  21 OCT 2021 23:04
entering extended mode
 restricted \write18 enabled.
 %&-line parsing enabled.
**handin.tex
(./handin.tex
LaTeX2e <2020-02-02> patch level 2
L3 programming layer <2020-02-14>
(/usr/share/texlive/texmf-dist/tex/latex/base/article.cls
Document Class: article 2019/12/20 v1.4l Standard LaTeX document class
(/usr/share/texlive/texmf-dist/tex/latex/base/size10.clo
File: size10.clo 2019/12/20 v1.4l Standard LaTeX file (size option)
)
\c@part=\count167
\c@section=\count168
\c@subsection=\count169
\c@subsubsection=\count170
\c@paragraph=\count171
\c@subparagraph=\count172
\c@figure=\count173
\c@table=\count174
\abovecaptionskip=\skip47
\belowcaptionskip=\skip48
\bibindent=\dimen134
)
(/usr/share/texlive/texmf-dist/tex/latex/algorithm2e/algorithm2e.sty
Package: algorithm2e 2017/07/18 v5.2 algorithms environments
\c@AlgoLine=\count175

(/usr/share/texlive/texmf-dist/tex/latex/base/ifthen.sty
Package: ifthen 2014/09/29 v1.1c Standard LaTeX ifthen package (DPC)
)
\algocf@hangindent=\skip49

(/usr/share/texlive/texmf-dist/tex/latex/ifoddpage/ifoddpage.sty
Package: ifoddpage 2016/04/23 v1.1 Conditionals for odd/even page detection
\c@checkoddpage=\count176
)
(/usr/share/texlive/texmf-dist/tex/latex/tools/xspace.sty
Package: xspace 2014/10/28 v1.13 Space after command names (DPC,MH)
)
(/usr/share/texlive/texmf-dist/tex/latex/relsize/relsize.sty
Package: relsize 2013/03/29 ver 4.1
)
\skiptotal=\skip50
\skiplinenumber=\skip51
\skiprule=\skip52
\skiphlne=\skip53
\skiptext=\skip54
\skiplength=\skip55
\algomargin=\skip56
\skipalgocfslide=\skip57
\algowidth=\dimen135
\inoutsize=\dimen136
\inoutindent=\dimen137
\interspacetitleruled=\dimen138
\interspacealgoruled=\dimen139
\interspacetitleboxruled=\dimen140
\algocf@ruledwidth=\skip58
\algocf@inoutbox=\box45
\algocf@inputbox=\box46
\AlCapSkip=\skip59
\AlCapHSkip=\skip60
\algoskipindent=\skip61
\algocf@nlbox=\box47
\algocf@hangingbox=\box48
\algocf@untilbox=\box49
\algocf@skipuntil=\skip62
\algocf@capbox=\box50
\algocf@lcaptionbox=\skip63
\algoheightruledefault=\skip64
\algoheightrule=\skip65
\algotitleheightruledefault=\skip66
\algotitleheightrule=\skip67
\c@algocfline=\count177
\c@algocfproc=\count178
\c@algocf=\count179
\algocf@algoframe=\box51
\algocf@algobox=\box52
)
(/usr/share/texlive/texmf-dist/tex/latex/l3backend/l3backend-pdfmode.def
File: l3backend-pdfmode.def 2020-02-03 L3 backend support: PDF mode
\l__kernel_color_stack_int=\count180
\l__pdf_internal_box=\box53
)
(./handin.aux)
\openout1 = `handin.aux'.

LaTeX Font Info:    Checking defaults for OML/cmm/m/it on input line 9.
LaTeX Font Info:    ... okay on input line 9.
LaTeX Font Info:    Checking defaults for OMS/cmsy/m/n on input line 9.
LaTeX Font Info:    ... okay on input line 9.
LaTeX Font Info:    Checking defaults for OT1/cmr/m/n on input line 9.
LaTeX Font Info:    ... okay on input line 9.
LaTeX Font Info:    Checking defaults for T1/cmr/m/n on input line 9.
LaTeX Font Info:    ... okay on input line 9.
LaTeX Font Info:    Checking defaults for TS1/cmr/m/n on input line 9.
LaTeX Font Info:    ... okay on input line 9.
LaTeX Font Info:    Checking defaults for OMX/cmex/m/n on input line 9.
LaTeX Font Info:    ... okay on input line 9.
LaTeX Font Info:    Checking defaults for U/cmr/m/n on input line 9.
LaTeX Font Info:    ... okay on input line 9.
LaTeX Font Info:    External font `cmex10' loaded for size
(Font)              <12> on input line 11.
LaTeX Font Info:    External font `cmex10' loaded for size
(Font)              <8> on input line 11.
LaTeX Font Info:    External font `cmex10' loaded for size
(Font)              <6> on input line 11.
LaTeX Font Info:    External font `cmex10' loaded for size
(Font)              <7> on input line 14.
LaTeX Font Info:    External font `cmex10' loaded for size
(Font)              <5> on input line 14.

Underfull \hbox (badness 10000) in paragraph at lines 14--20

 []


Underfull \hbox (badness 10000) in paragraph at lines 14--20

 []


Underfull \hbox (badness 10000) in paragraph at lines 14--20

 []


Overfull \hbox (22.86635pt too wide) in paragraph at lines 25--26
[]\OT1/cmr/m/n/10 However, by our sec-ond as-sump-tion $\OML/cmm/m/it/10 Pr[]\O
T1/cmr/m/n/10 [\OML/cmm/m/it/10 D\OT1/cmr/m/n/10 (\OML/cmm/m/it/10 u\OT1/cmr/m/
n/10 ) = 1] = 0 \OMS/cmsy/m/n/10 ! 8\OML/cmm/m/it/10 u[]inU; D\OT1/cmr/m/n/10 (
\OML/cmm/m/it/10 u\OT1/cmr/m/n/10 ) =
 []


Overfull \hbox (22.86635pt too wide) in paragraph at lines 32--33
[]\OT1/cmr/m/n/10 However, by our sec-ond as-sump-tion $\OML/cmm/m/it/10 Pr[]\O
T1/cmr/m/n/10 [\OML/cmm/m/it/10 D\OT1/cmr/m/n/10 (\OML/cmm/m/it/10 u\OT1/cmr/m/
n/10 ) = 1] = 1 \OMS/cmsy/m/n/10 ! 8\OML/cmm/m/it/10 u[]inU; D\OT1/cmr/m/n/10 (
\OML/cmm/m/it/10 u\OT1/cmr/m/n/10 ) =
 []

[1

{/var/lib/texmf/fonts/map/pdftex/updmap/pdftex.map}]
Underfull \hbox (badness 10000) in paragraph at lines 79--86

 []


Underfull \hbox (badness 10000) in paragraph at lines 79--86

 []


Underfull \hbox (badness 10000) in paragraph at lines 79--86

 []

[2] [3]
Overfull \hbox (33.98251pt too wide) in paragraph at lines 122--123
[]\OT1/cmr/m/n/10 Observe that, be-cause $\OML/cmm/m/it/10 a[]; b[];$ \OT1/cmr/
m/n/10 and $\OML/cmm/m/it/10 c[]$ \OT1/cmr/m/n/10 are the $\OML/cmm/m/it/10 l[]
$\OT1/cmr/m/n/10 -th bits pro-duced by $\OML/cmm/m/it/10 G[]\OT1/cmr/m/n/10 (\O
ML/cmm/m/it/10 k\OT1/cmr/m/n/10 )\OML/cmm/m/it/10 ; G[]\OT1/cmr/m/n/10 (\OML/cm
m/m/it/10 k[]\OT1/cmr/m/n/10 )$,
 []


Overfull \hbox (2.92616pt too wide) in paragraph at lines 126--129
\OT1/cmr/m/n/10 Therefore, we've shown that for all cases of $\OMS/cmsy/m/n/10 
8\OML/cmm/m/it/10 l; n \OMS/cmsy/m/n/10 ^^U \OT1/cmr/m/n/10 1\OML/cmm/m/it/10 ;
 \OMS/cmsy/m/n/10 8\OML/cmm/m/it/10 k; k[] \OMS/cmsy/m/n/10 2 \OML/cmm/m/it/10 
K \OT1/cmr/m/n/10 = \OMS/cmsy/m/n/10 f\OT1/cmr/m/n/10 0\OML/cmm/m/it/10 ; \OT1/
cmr/m/n/10 1\OMS/cmsy/m/n/10 g[]\OML/cmm/m/it/10 ; G\OT1/cmr/m/n/10 (\OML/cmm/m
/it/10 k\OT1/cmr/m/n/10 ) \OMS/cmsy/m/n/10 ^^H
 []

[4]
Underfull \hbox (badness 10000) in paragraph at lines 188--191

 []

[5] [6] [7] (./handin.aux) ) 
Here is how much of TeX's memory you used:
 1403 strings out of 483107
 22614 string characters out of 5964630
 265675 words of memory out of 5000000
 16478 multiletter control sequences out of 15000+600000
 537584 words of font info for 41 fonts, out of 8000000 for 9000
 59 hyphenation exceptions out of 8191
 28i,12n,26p,596b,404s stack positions out of 5000i,500n,10000p,200000b,80000s
 </home/alex/.texlive2019/texmf-var/fonts/pk/ljfour
/jknappen/ec/tcrm1000.600pk></usr/share/texlive/texmf-dist/fonts/type1/public/a
msfonts/cm/cmbx10.pfb></usr/share/texlive/texmf-dist/fonts/type1/public/amsfont
s/cm/cmbx12.pfb></usr/share/texlive/texmf-dist/fonts/type1/public/amsfonts/cm/c
mbx7.pfb></usr/share/texlive/texmf-dist/fonts/type1/public/amsfonts/cm/cmmi10.p
fb></usr/share/texlive/texmf-dist/fonts/type1/public/amsfonts/cm/cmmi5.pfb></us
r/share/texlive/texmf-dist/fonts/type1/public/amsfonts/cm/cmmi7.pfb></usr/share
/texlive/texmf-dist/fonts/type1/public/amsfonts/cm/cmr10.pfb></usr/share/texliv
e/texmf-dist/fonts/type1/public/amsfonts/cm/cmr12.pfb></usr/share/texlive/texmf
-dist/fonts/type1/public/amsfonts/cm/cmr17.pfb></usr/share/texlive/texmf-dist/f
onts/type1/public/amsfonts/cm/cmr5.pfb></usr/share/texlive/texmf-dist/fonts/typ
e1/public/amsfonts/cm/cmr7.pfb></usr/share/texlive/texmf-dist/fonts/type1/publi
c/amsfonts/cm/cmsy10.pfb></usr/share/texlive/texmf-dist/fonts/type1/public/amsf
onts/cm/cmsy5.pfb></usr/share/texlive/texmf-dist/fonts/type1/public/amsfonts/cm
/cmsy7.pfb></usr/share/texlive/texmf-dist/fonts/type1/public/amsfonts/cm/cmti10
.pfb>
Output written on handin.pdf (7 pages, 174156 bytes).
PDF statistics:
 94 PDF objects out of 1000 (max. 8388607)
 67 compressed objects within 1 object stream
 0 named destinations out of 1000 (max. 500000)
 1 words of extra memory for PDF output out of 10000 (max. 10000000)

